<?xml version="1.0" encoding="UTF-8"?>
<testng-results ignored="0" total="2" passed="2" failed="0" skipped="0">
  <reporter-output>
  </reporter-output>
  <suite started-at="2020-07-31T20:27:29 IST" name="Suite" finished-at="2020-07-31T20:27:38 IST" duration-ms="9115">
    <groups>
    </groups>
    <test started-at="2020-07-31T20:27:29 IST" name="Test" finished-at="2020-07-31T20:27:38 IST" duration-ms="9115">
      <class name="practiceSelenium.appTest">
        <test-method is-config="true" signature="setup()[pri:0, instance:practiceSelenium.appTest@1e67a849]" started-at="2020-07-31T20:27:29 IST" name="setup" finished-at="2020-07-31T20:27:32 IST" duration-ms="2824" status="PASS">
          <reporter-output>
          </reporter-output>
        </test-method> <!-- setup -->
        <test-method signature="login(java.lang.String)[pri:0, instance:practiceSelenium.appTest@1e67a849]" started-at="2020-07-31T20:27:32 IST" name="login" finished-at="2020-07-31T20:27:38 IST" duration-ms="5495" status="PASS">
          <params>
            <param index="0">
              <value>
                <![CDATA[https://rahulshettyacademy.com/AutomationPractice/]]>
              </value>
            </param>
          </params>
          <reporter-output>
          </reporter-output>
        </test-method> <!-- login -->
        <test-method signature="test()[pri:0, instance:practiceSelenium.appTest@1e67a849]" started-at="2020-07-31T20:27:38 IST" name="test" finished-at="2020-07-31T20:27:38 IST" duration-ms="1" status="PASS">
          <reporter-output>
          </reporter-output>
        </test-method> <!-- test -->
        <test-method is-config="true" signature="teardown()[pri:0, instance:practiceSelenium.appTest@1e67a849]" started-at="2020-07-31T20:27:38 IST" name="teardown" finished-at="2020-07-31T20:27:38 IST" duration-ms="721" status="PASS">
          <reporter-output>
          </reporter-output>
        </test-method> <!-- teardown -->
      </class> <!-- practiceSelenium.appTest -->
    </test> <!-- Test -->
  </suite> <!-- Suite -->
</testng-results>
