<?xml version="1.0" encoding="UTF-8"?>
<testng-results ignored="0" total="2" passed="2" failed="0" skipped="0">
  <reporter-output>
  </reporter-output>
  <suite started-at="2020-07-31T20:26:32 IST" name="Suite" finished-at="2020-07-31T20:27:17 IST" duration-ms="44664">
    <groups>
    </groups>
    <test started-at="2020-07-31T20:26:32 IST" name="Test" finished-at="2020-07-31T20:27:17 IST" duration-ms="44664">
      <class name="practiceSelenium.appTest">
        <test-method is-config="true" signature="setup()[pri:0, instance:practiceSelenium.appTest@15b204a1]" started-at="2020-07-31T20:26:32 IST" name="setup" finished-at="2020-07-31T20:26:36 IST" duration-ms="3411" status="PASS">
          <reporter-output>
          </reporter-output>
        </test-method> <!-- setup -->
        <test-method signature="login(java.lang.String)[pri:0, instance:practiceSelenium.appTest@15b204a1]" started-at="2020-07-31T20:26:36 IST" name="login" finished-at="2020-07-31T20:26:55 IST" duration-ms="19653" status="PASS">
          <params>
            <param index="0">
              <value>
                <![CDATA[https://rahulshettyacademy.com/AutomationPractice/]]>
              </value>
            </param>
          </params>
          <reporter-output>
          </reporter-output>
        </test-method> <!-- login -->
        <test-method signature="test()[pri:0, instance:practiceSelenium.appTest@15b204a1]" started-at="2020-07-31T20:26:55 IST" name="test" finished-at="2020-07-31T20:26:55 IST" duration-ms="3" status="PASS">
          <reporter-output>
          </reporter-output>
        </test-method> <!-- test -->
        <test-method is-config="true" signature="teardown()[pri:0, instance:practiceSelenium.appTest@15b204a1]" started-at="2020-07-31T20:26:55 IST" name="teardown" finished-at="2020-07-31T20:27:17 IST" duration-ms="21533" status="PASS">
          <reporter-output>
          </reporter-output>
        </test-method> <!-- teardown -->
      </class> <!-- practiceSelenium.appTest -->
    </test> <!-- Test -->
  </suite> <!-- Suite -->
</testng-results>
